<?xml version="1.0" encoding="UTF-8"?>
<testsuites>
  <testsuite name="Modules\SaluteMo\tests\Unit\BaseModelTest" file="Modules/SaluteMo/tests/Unit/BaseModelTest.php" tests="2" assertions="2" errors="0" failures="0" skipped="0" time="0.022368">
    <testcase name="`SaluteMo BaseModel Business Logic` → it supports media methods presence" file="Modules/SaluteMo/tests/Unit/BaseModelTest.php::`SaluteMo BaseModel Business Logic` → it supports media methods presence" class="Modules\SaluteMo\tests\Unit\BaseModelTest" classname="Modules.SaluteMo.tests.Unit.BaseModelTest" assertions="1" time="0.021068"/>
    <testcase name="`SaluteMo BaseModel Business Logic` → it exposes casts as array" file="Modules/SaluteMo/tests/Unit/BaseModelTest.php::`SaluteMo BaseModel Business Logic` → it exposes casts as array" class="Modules\SaluteMo\tests\Unit\BaseModelTest" classname="Modules.SaluteMo.tests.Unit.BaseModelTest" assertions="1" time="0.001300"/>
  </testsuite>
</testsuites>
